<?xml version="1.0" encoding="utf-8"?><testsuites name="pytest tests"><testsuite name="pytest" errors="0" failures="0" skipped="0" tests="17" time="1.983" timestamp="2026-04-18T06:25:59.360919+00:00" hostname="agent-env-a8c85d2a-c81c-45c6-8234-c0893a5b5faf"><testcase classname="backend.tests.test_bestic_api" name="test_brand_info_contract" time="0.203" /><testcase classname="backend.tests.test_bestic_api" name="test_categories_contract" time="0.051" /><testcase classname="backend.tests.test_bestic_api" name="test_products_list_contract" time="0.045" /><testcase classname="backend.tests.test_bestic_api" name="test_products_filtered_by_category" time="0.043" /><testcase classname="backend.tests.test_bestic_api" name="test_products_filtered_by_tag" time="0.051" /><testcase classname="backend.tests.test_bestic_api" name="test_product_details_by_slug_existing" time="0.100" /><testcase classname="backend.tests.test_bestic_api" name="test_product_details_bestic_elegance_slug_required_by_spec" time="0.044" /><testcase classname="backend.tests.test_bestic_api" name="test_newsletter_subscription_and_duplicate_handling" time="0.096" /><testcase classname="backend.tests.test_bestic_api" name="test_cart_preview_totals_and_validation" time="0.144" /><testcase classname="backend.tests.test_seller_portal_api" name="test_seller_dashboard_and_tabs_data_load" time="0.270" /><testcase classname="backend.tests.test_seller_portal_api" name="test_order_processing_status_update_persists" time="0.195" /><testcase classname="backend.tests.test_seller_portal_api" name="test_orders_report_download_csv" time="0.046" /><testcase classname="backend.tests.test_seller_portal_api" name="test_inventory_stock_update_persists_for_bestic_elegance" time="0.200" /><testcase classname="backend.tests.test_seller_portal_api" name="test_add_new_product_visible_in_storefront_data" time="0.143" /><testcase classname="backend.tests.test_seller_portal_api" name="test_payments_report_endpoint_contract" time="0.049" /><testcase classname="backend.tests.test_seller_portal_api" name="test_regression_products_bestic_elegance_returns_200" time="0.047" /><testcase classname="backend.tests.test_seller_portal_api" name="test_regression_newsletter_submit_success_response" time="0.049" /></testsuite></testsuites>