<?xml version="1.0" encoding="utf-8"?><testsuites name="pytest tests"><testsuite name="pytest" errors="0" failures="1" skipped="0" tests="9" time="1.010" timestamp="2026-03-07T01:41:33.463019+00:00" hostname="agent-env-a8c85d2a-c81c-45c6-8234-c0893a5b5faf"><testcase classname="backend.tests.test_bestic_api" name="test_brand_info_contract" time="0.169" /><testcase classname="backend.tests.test_bestic_api" name="test_categories_contract" time="0.064" /><testcase classname="backend.tests.test_bestic_api" name="test_products_list_contract" time="0.067" /><testcase classname="backend.tests.test_bestic_api" name="test_products_filtered_by_category" time="0.053" /><testcase classname="backend.tests.test_bestic_api" name="test_products_filtered_by_tag" time="0.059" /><testcase classname="backend.tests.test_bestic_api" name="test_product_details_by_slug_existing" time="0.115" /><testcase classname="backend.tests.test_bestic_api" name="test_product_details_bestic_elegance_slug_required_by_spec" time="0.053"><failure message="assert 404 == 200&#10; +  where 404 = &lt;Response [404]&gt;.status_code">backend/tests/test_bestic_api.py:89: in test_product_details_bestic_elegance_slug_required_by_spec
    assert response.status_code == 200
E   assert 404 == 200
E    +  where 404 = &lt;Response [404]&gt;.status_code</failure></testcase><testcase classname="backend.tests.test_bestic_api" name="test_newsletter_subscription_and_duplicate_handling" time="0.126" /><testcase classname="backend.tests.test_bestic_api" name="test_cart_preview_totals_and_validation" time="0.163" /></testsuite></testsuites>